{
  "uid" : "cab05f2739c2e88b",
  "name" : "testSuite2",
  "title" : "Test suite 2",
  "time" : {
    "start" : 1437404480173,
    "stop" : 1437404519063,
    "duration" : 38890
  },
  "summary" : {
    "attachments" : 1,
    "steps" : 0
  },
  "failure" : {
    "message" : "AssertionError: expected [true] but found [false]",
    "stackTrace" : "java.lang.AssertionError: expected [true] but found [false]\n\tat org.testng.Assert.fail(Assert.java:94)\n\tat org.testng.Assert.failNotEquals(Assert.java:496)\n\tat org.testng.Assert.assertTrue(Assert.java:42)\n\tat org.testng.Assert.assertTrue(Assert.java:52)\n\tat pages.FormationChangesRequestPage.checkFieldsOnCreationDirectoryForm(FormationChangesRequestPage.java:84)\n\tat TestS2.testSuite2(TestS2.java:32)\n\tat sun.reflect.NativeMethodAccessorImpl.invoke0(Native Method)\n\tat sun.reflect.NativeMethodAccessorImpl.invoke(NativeMethodAccessorImpl.java:62)\n\tat sun.reflect.DelegatingMethodAccessorImpl.invoke(DelegatingMethodAccessorImpl.java:43)\n\tat java.lang.reflect.Method.invoke(Method.java:497)\n\tat org.testng.internal.MethodInvocationHelper.invokeMethod(MethodInvocationHelper.java:85)\n\tat org.testng.internal.Invoker.invokeMethod(Invoker.java:639)\n\tat org.testng.internal.Invoker.invokeTestMethod(Invoker.java:821)\n\tat org.testng.internal.Invoker.invokeTestMethods(Invoker.java:1131)\n\tat org.testng.internal.TestMethodWorker.invokeTestMethods(TestMethodWorker.java:124)\n\tat org.testng.internal.TestMethodWorker.run(TestMethodWorker.java:108)\n\tat org.testng.TestRunner.privateRun(TestRunner.java:773)\n\tat org.testng.TestRunner.run(TestRunner.java:623)\n\tat org.testng.SuiteRunner.runTest(SuiteRunner.java:357)\n\tat org.testng.SuiteRunner.runSequentially(SuiteRunner.java:352)\n\tat org.testng.SuiteRunner.privateRun(SuiteRunner.java:310)\n\tat org.testng.SuiteRunner.run(SuiteRunner.java:259)\n\tat org.testng.SuiteRunnerWorker.runSuite(SuiteRunnerWorker.java:52)\n\tat org.testng.SuiteRunnerWorker.run(SuiteRunnerWorker.java:86)\n\tat org.testng.TestNG.runSuitesSequentially(TestNG.java:1185)\n\tat org.testng.TestNG.runSuitesLocally(TestNG.java:1110)\n\tat org.testng.TestNG.run(TestNG.java:1018)\n\tat org.apache.maven.surefire.testng.TestNGExecutor.run(TestNGExecutor.java:91)\n\tat org.apache.maven.surefire.testng.TestNGDirectoryTestSuite.executeMulti(TestNGDirectoryTestSuite.java:204)\n\tat org.apache.maven.surefire.testng.TestNGDirectoryTestSuite.execute(TestNGDirectoryTestSuite.java:107)\n\tat org.apache.maven.surefire.testng.TestNGProvider.invoke(TestNGProvider.java:113)\n\tat org.apache.maven.surefire.booter.ForkedBooter.invokeProviderInSameClassLoader(ForkedBooter.java:200)\n\tat org.apache.maven.surefire.booter.ForkedBooter.runSuitesInProcess(ForkedBooter.java:153)\n\tat org.apache.maven.surefire.booter.ForkedBooter.main(ForkedBooter.java:103)\n"
  },
  "description" : null,
  "severity" : "NORMAL",
  "status" : "FAILED",
  "testId" : null,
  "suite" : {
    "uid" : "7684fd7d036802da",
    "name" : "TestS2 : Command line test eeeb03da-291e-40a5-a046-ed1cd3357f9e",
    "title" : "TestS2 : Command line test eeeb03da-291e-40a5-a046-ed1cd3357f9e"
  },
  "steps" : [ ],
  "attachments" : [ {
    "title" : "failureScreenShot",
    "source" : "dc9f75e3-91d5-4b58-a1f7-90eb26359098-attachment.png",
    "type" : "image/png",
    "size" : 77421,
    "uid" : "aed378f29821c27a"
  } ],
  "issues" : [ ],
  "labels" : [ {
    "name" : "host",
    "value" : "PC"
  }, {
    "name" : "thread",
    "value" : "12400@PC.main(1)"
  }, {
    "name" : "suite-name",
    "value" : "TestS2 : Command line test eeeb03da-291e-40a5-a046-ed1cd3357f9e"
  }, {
    "name" : "suite-title",
    "value" : "TestS2 : Command line test eeeb03da-291e-40a5-a046-ed1cd3357f9e"
  }, {
    "name" : "framework",
    "value" : "TestNG"
  }, {
    "name" : "language",
    "value" : "JAVA"
  } ],
  "parameters" : [ ]
}