<?xml version="1.0" encoding="UTF-8"?>
<testng-results skipped="0" failed="1" total="2" passed="1">
  <reporter-output>
  </reporter-output>
  <suite name="TestS1" duration-ms="151809" started-at="2015-07-20T14:57:52Z" finished-at="2015-07-20T15:00:24Z">
    <groups>
    </groups>
    <test name="Command line test 40f23b9f-376f-4c66-aabd-0c892d422266" duration-ms="151809" started-at="2015-07-20T14:57:52Z" finished-at="2015-07-20T15:00:24Z">
      <class name="TestS1">
        <test-method status="PASS" signature="setup()[pri:0, instance:TestS1@3bae64d0]" name="setup" is-config="true" duration-ms="96547" started-at="2015-07-20T16:57:53Z" finished-at="2015-07-20T16:59:29Z">
          <reporter-output>
          </reporter-output>
        </test-method> <!-- setup -->
        <test-method status="PASS" signature="testSuite1()[pri:0, instance:TestS1@3bae64d0]" name="testSuite1" duration-ms="42164" started-at="2015-07-20T16:59:29Z" finished-at="2015-07-20T17:00:11Z">
          <reporter-output>
          </reporter-output>
        </test-method> <!-- testSuite1 -->
        <test-method status="PASS" signature="clearCookies()[pri:0, instance:TestS1@3bae64d0]" name="clearCookies" is-config="true" duration-ms="561" started-at="2015-07-20T17:00:12Z" finished-at="2015-07-20T17:00:13Z">
          <reporter-output>
          </reporter-output>
        </test-method> <!-- clearCookies -->
        <test-method status="PASS" signature="tearDown()[pri:0, instance:TestS1@3bae64d0]" name="tearDown" is-config="true" duration-ms="11430" started-at="2015-07-20T17:00:13Z" finished-at="2015-07-20T17:00:24Z">
          <reporter-output>
          </reporter-output>
        </test-method> <!-- tearDown -->
      </class> <!-- TestS1 -->
    </test> <!-- Command line test 40f23b9f-376f-4c66-aabd-0c892d422266 -->
  </suite> <!-- TestS1 -->
  <suite name="TestS2" duration-ms="96869" started-at="2015-07-20T15:00:29Z" finished-at="2015-07-20T15:02:06Z">
    <groups>
    </groups>
    <test name="Command line test eeeb03da-291e-40a5-a046-ed1cd3357f9e" duration-ms="96869" started-at="2015-07-20T15:00:29Z" finished-at="2015-07-20T15:02:06Z">
      <class name="TestS2">
        <test-method status="PASS" signature="setup()[pri:0, instance:TestS2@64f16277]" name="setup" is-config="true" duration-ms="50269" started-at="2015-07-20T17:00:29Z" finished-at="2015-07-20T17:01:20Z">
          <reporter-output>
          </reporter-output>
        </test-method> <!-- setup -->
        <test-method status="FAIL" signature="testSuite2()[pri:0, instance:TestS2@64f16277]" name="testSuite2" duration-ms="35636" started-at="2015-07-20T17:01:20Z" finished-at="2015-07-20T17:01:55Z">
          <exception class="java.lang.AssertionError">
            <message>
              <![CDATA[expected [true] but found [false]]]>
            </message>
            <full-stacktrace>
              <![CDATA[java.lang.AssertionError: expected [true] but found [false]
	at org.testng.Assert.fail(Assert.java:94)
	at org.testng.Assert.failNotEquals(Assert.java:496)
	at org.testng.Assert.assertTrue(Assert.java:42)
	at org.testng.Assert.assertTrue(Assert.java:52)
	at pages.FormationChangesRequestPage.checkFieldsOnCreationDirectoryForm(FormationChangesRequestPage.java:84)
	at TestS2.testSuite2(TestS2.java:32)
	at sun.reflect.NativeMethodAccessorImpl.invoke0(Native Method)
	at sun.reflect.NativeMethodAccessorImpl.invoke(NativeMethodAccessorImpl.java:62)
	at sun.reflect.DelegatingMethodAccessorImpl.invoke(DelegatingMethodAccessorImpl.java:43)
	at java.lang.reflect.Method.invoke(Method.java:497)
	at org.testng.internal.MethodInvocationHelper.invokeMethod(MethodInvocationHelper.java:85)
	at org.testng.internal.Invoker.invokeMethod(Invoker.java:639)
	at org.testng.internal.Invoker.invokeTestMethod(Invoker.java:821)
	at org.testng.internal.Invoker.invokeTestMethods(Invoker.java:1131)
	at org.testng.internal.TestMethodWorker.invokeTestMethods(TestMethodWorker.java:124)
	at org.testng.internal.TestMethodWorker.run(TestMethodWorker.java:108)
	at org.testng.TestRunner.privateRun(TestRunner.java:773)
	at org.testng.TestRunner.run(TestRunner.java:623)
	at org.testng.SuiteRunner.runTest(SuiteRunner.java:357)
	at org.testng.SuiteRunner.runSequentially(SuiteRunner.java:352)
	at org.testng.SuiteRunner.privateRun(SuiteRunner.java:310)
	at org.testng.SuiteRunner.run(SuiteRunner.java:259)
	at org.testng.SuiteRunnerWorker.runSuite(SuiteRunnerWorker.java:52)
	at org.testng.SuiteRunnerWorker.run(SuiteRunnerWorker.java:86)
	at org.testng.TestNG.runSuitesSequentially(TestNG.java:1185)
	at org.testng.TestNG.runSuitesLocally(TestNG.java:1110)
	at org.testng.TestNG.run(TestNG.java:1018)
	at org.apache.maven.surefire.testng.TestNGExecutor.run(TestNGExecutor.java:91)
	at org.apache.maven.surefire.testng.TestNGDirectoryTestSuite.executeMulti(TestNGDirectoryTestSuite.java:204)
	at org.apache.maven.surefire.testng.TestNGDirectoryTestSuite.execute(TestNGDirectoryTestSuite.java:107)
	at org.apache.maven.surefire.testng.TestNGProvider.invoke(TestNGProvider.java:113)
	at org.apache.maven.surefire.booter.ForkedBooter.invokeProviderInSameClassLoader(ForkedBooter.java:200)
	at org.apache.maven.surefire.booter.ForkedBooter.runSuitesInProcess(ForkedBooter.java:153)
	at org.apache.maven.surefire.booter.ForkedBooter.main(ForkedBooter.java:103)
]]>
            </full-stacktrace>
          </exception> <!-- java.lang.AssertionError -->
          <reporter-output>
          </reporter-output>
        </test-method> <!-- testSuite2 -->
        <test-method status="PASS" signature="clearCookies()[pri:0, instance:TestS2@64f16277]" name="clearCookies" is-config="true" duration-ms="111" started-at="2015-07-20T17:01:59Z" finished-at="2015-07-20T17:01:59Z">
          <reporter-output>
          </reporter-output>
        </test-method> <!-- clearCookies -->
        <test-method status="PASS" signature="tearDown()[pri:0, instance:TestS2@64f16277]" name="tearDown" is-config="true" duration-ms="7461" started-at="2015-07-20T17:01:59Z" finished-at="2015-07-20T17:02:06Z">
          <reporter-output>
          </reporter-output>
        </test-method> <!-- tearDown -->
      </class> <!-- TestS2 -->
    </test> <!-- Command line test eeeb03da-291e-40a5-a046-ed1cd3357f9e -->
  </suite> <!-- TestS2 -->
</testng-results>
